

Terminals which are not used:

   TASP
   T_FIM



Grammar
rule 1    Programa -> ListaFuncoes BlocoPrincipal
rule 2    Programa -> BlocoPrincipal
rule 3    ListaFuncoes -> ListaFuncoes Funcao
rule 4    ListaFuncoes -> Funcao
rule 5    Funcao -> TipoRetorno TID TAPAR DeclParametros BlocoPrincipal TFPAR BlocoPrincipal
rule 6    Funcao -> TipoRetorno TID TAPAR TFPAR BlocoPrincipal
rule 7    TipoRetorno -> Tipo
rule 8    TipoRetorno -> TVOID
rule 9    DeclParametros -> DeclParametros TV Parametro
rule 10   DeclParametros -> Parametro
rule 11   Parametro -> Tipo TID
rule 12   BlocoPrincipal -> TACHA Declaracoes ListaCmd TFCHA
rule 13   BlocoPrincipal -> TACHA ListaCmd TFCHA
rule 14   Declaracoes -> Declaracoes Declaracao
rule 15   Declaracoes -> Declaracao
rule 16   Declaracao -> Tipo ListaId TPV
rule 17   Tipo -> TINT
rule 18   Tipo -> TSTRING
rule 19   Tipo -> TFLOAT
rule 20   ListaId -> ListaId TV TID
rule 21   ListaId -> TID
rule 22   Bloco -> TACHA ListaCmd TFCHA
rule 23   ListaCmd -> ListaCmd Comando
rule 24   ListaCmd -> Comando
rule 25   Comando -> CmdSe
rule 26   Comando -> CmdEnquanto
rule 27   Comando -> CmdAtrib
rule 28   Comando -> CmdEscrita
rule 29   Comando -> CmdLeitura
rule 30   Comando -> ChamadaProc
rule 31   Comando -> Retorno
rule 32   Retorno -> TRET ExpressaoAritimetica TPV
rule 33   Retorno -> TRET TLITERAL TPV
rule 34   CmdSe -> TIF TAPAR ExpressaoLogica TFPAR Bloco
rule 35   CmdSe -> TIF TAPAR ExpressaoLogica TFPAR Bloco TELSE Bloco
rule 36   CmdEnquanto -> TWHILE TAPAR ExpressaoLogica TFPAR Bloco
rule 37   CmdAtrib -> TID TATB ExpressaoAritimetica TPV
rule 38   CmdAtrib -> TID TATB TLITERAL
rule 39   CmdEscrita -> TPRINT TAPAR ExpressaoAritimetica TFPAR TPV
rule 40   CmdEscrita -> TPRINT TAPAR TLITERAL TFPAR TPV
rule 41   CmdLeitura -> TREAD TAPAR TID TFPAR TPV
rule 42   CmdLeitura -> TREAD TAPAR TEND TID TFPAR TPV
rule 43   ChamadaProc -> ChamadaFuncao TPV
rule 44   ChamadaFuncao -> TID TAPAR ListaParametros TFPAR
rule 45   ChamadaFuncao -> TID TAPAR TFPAR
rule 46   ListaParametros -> ListaParametros TV ExpressaoAritimetica
rule 47   ListaParametros -> ListaParametros TV TLITERAL
rule 48   ListaParametros -> ExpressaoAritimetica
rule 49   ListaParametros -> TLITERAL
rule 50   ExpressaoAritimetica -> ExpressaoAritimetica TADD TExpressaoAritimetica
rule 51   ExpressaoAritimetica -> ExpressaoAritimetica TSUB TExpressaoAritimetica
rule 52   ExpressaoAritimetica -> TExpressaoAritimetica
rule 53   ExpressaoAritimetica -> TSUB FExpressaoAritmetica
rule 54   TExpressaoAritimetica -> TExpressaoAritimetica TMUL FExpressaoAritmetica
rule 55   TExpressaoAritimetica -> TExpressaoAritimetica TDIV FExpressaoAritmetica
rule 56   TExpressaoAritimetica -> FExpressaoAritmetica
rule 57   FExpressaoAritmetica -> TAPAR ExpressaoAritimetica TFPAR
rule 58   FExpressaoAritmetica -> TFLOAT
rule 59   FExpressaoAritmetica -> TINT
rule 60   FExpressaoAritmetica -> TID
rule 61   ExpressaoLogica -> ExpressaoLogica TCEE FExpressaoLogica
rule 62   ExpressaoLogica -> ExpressaoLogica TCOU FExpressaoLogica
rule 63   ExpressaoLogica -> FExpressaoLogica
rule 64   FExpressaoLogica -> TNEG FExpressaoLogica
rule 65   FExpressaoLogica -> TAPAR FExpressaoLogica TFPAR
rule 66   FExpressaoLogica -> TRUE
rule 67   FExpressaoLogica -> FALSE
rule 68   FExpressaoLogica -> ExpressaoRelacional
rule 69   ExpressaoRelacional -> ExpressaoAritimetica TMAIOR ExpressaoAritimetica
rule 70   ExpressaoRelacional -> ExpressaoAritimetica TMAIORIG ExpressaoAritimetica
rule 71   ExpressaoRelacional -> ExpressaoAritimetica TMENOR ExpressaoAritimetica
rule 72   ExpressaoRelacional -> ExpressaoAritimetica TMENORIG ExpressaoAritimetica
rule 73   ExpressaoRelacional -> ExpressaoAritimetica TCOM ExpressaoAritimetica
rule 74   ExpressaoRelacional -> ExpressaoAritimetica TDIF ExpressaoAritimetica

Terminals, with rules where they appear

$ (-1)
error (256)
TADD (258) 50
TSUB (259) 51 53
TMUL (260) 54
TDIV (261) 55
TMENOR (262) 71
TMAIOR (263) 69
TATB (264) 37 38
TMENORIG (265) 72
TMAIORIG (266) 70
TCOM (267) 73
TDIF (268) 74
TCEE (269) 61
TCOU (270) 62
TNEG (271) 64
TIF (272) 34 35
TWHILE (273) 36
TELSE (274) 35
TAPAR (275) 5 6 34 35 36 39 40 41 42 44 45 57 65
TFPAR (276) 5 6 34 35 36 39 40 41 42 44 45 57 65
TACHA (277) 12 13 22
TFCHA (278) 12 13 22
TASP (279)
TINT (280) 17 59
TFLOAT (281) 19 58
TSTRING (282) 18
TID (283) 5 6 11 20 21 37 38 41 42 44 45 60
TPV (284) 16 32 33 37 39 40 41 42 43
TV (285) 9 20 46 47
TRET (286) 32 33
TPRINT (287) 39 40
TREAD (288) 41 42
TVOID (289) 8
TLITERAL (290) 33 38 40 47 49
TRUE (291) 66
FALSE (292) 67
TEND (293) 42
T_FIM (294)

Nonterminals, with rules where they appear

Programa (40)
    on left: 1 2
ListaFuncoes (41)
    on left: 3 4, on right: 1 3
Funcao (42)
    on left: 5 6, on right: 3 4
TipoRetorno (43)
    on left: 7 8, on right: 5 6
DeclParametros (44)
    on left: 9 10, on right: 5 9
Parametro (45)
    on left: 11, on right: 9 10
BlocoPrincipal (46)
    on left: 12 13, on right: 1 2 5 6
Declaracoes (47)
    on left: 14 15, on right: 12 14
Declaracao (48)
    on left: 16, on right: 14 15
Tipo (49)
    on left: 17 18 19, on right: 7 11 16
ListaId (50)
    on left: 20 21, on right: 16 20
Bloco (51)
    on left: 22, on right: 34 35 36
ListaCmd (52)
    on left: 23 24, on right: 12 13 22 23
Comando (53)
    on left: 25 26 27 28 29 30 31, on right: 23 24
Retorno (54)
    on left: 32 33, on right: 31
CmdSe (55)
    on left: 34 35, on right: 25
CmdEnquanto (56)
    on left: 36, on right: 26
CmdAtrib (57)
    on left: 37 38, on right: 27
CmdEscrita (58)
    on left: 39 40, on right: 28
CmdLeitura (59)
    on left: 41 42, on right: 29
ChamadaProc (60)
    on left: 43, on right: 30
ChamadaFuncao (61)
    on left: 44 45, on right: 43
ListaParametros (62)
    on left: 46 47 48 49, on right: 44 46 47
ExpressaoAritimetica (63)
    on left: 50 51 52 53, on right: 32 37 39 46 48 50 51 57 69 70 71
    72 73 74
TExpressaoAritimetica (64)
    on left: 54 55 56, on right: 50 51 52 54 55
FExpressaoAritmetica (65)
    on left: 57 58 59 60, on right: 53 54 55 56
ExpressaoLogica (66)
    on left: 61 62 63, on right: 34 35 36 61 62
FExpressaoLogica (67)
    on left: 64 65 66 67 68, on right: 61 62 63 64 65
ExpressaoRelacional (68)
    on left: 69 70 71 72 73 74, on right: 68


state 0

    TACHA	shift, and go to state 1
    TINT	shift, and go to state 2
    TFLOAT	shift, and go to state 3
    TSTRING	shift, and go to state 4
    TVOID	shift, and go to state 5

    Programa	go to state 146
    ListaFuncoes	go to state 6
    Funcao	go to state 7
    TipoRetorno	go to state 8
    BlocoPrincipal	go to state 9
    Tipo	go to state 10



state 1

    BlocoPrincipal  ->  TACHA . Declaracoes ListaCmd TFCHA   (rule 12)
    BlocoPrincipal  ->  TACHA . ListaCmd TFCHA   (rule 13)

    TIF 	shift, and go to state 11
    TWHILE	shift, and go to state 12
    TINT	shift, and go to state 2
    TFLOAT	shift, and go to state 3
    TSTRING	shift, and go to state 4
    TID 	shift, and go to state 13
    TRET	shift, and go to state 14
    TPRINT	shift, and go to state 15
    TREAD	shift, and go to state 16

    Declaracoes	go to state 17
    Declaracao	go to state 18
    Tipo	go to state 19
    ListaCmd	go to state 20
    Comando	go to state 21
    Retorno	go to state 22
    CmdSe	go to state 23
    CmdEnquanto	go to state 24
    CmdAtrib	go to state 25
    CmdEscrita	go to state 26
    CmdLeitura	go to state 27
    ChamadaProc	go to state 28
    ChamadaFuncao	go to state 29



state 2

    Tipo  ->  TINT .   (rule 17)

    $default	reduce using rule 17 (Tipo)



state 3

    Tipo  ->  TFLOAT .   (rule 19)

    $default	reduce using rule 19 (Tipo)



state 4

    Tipo  ->  TSTRING .   (rule 18)

    $default	reduce using rule 18 (Tipo)



state 5

    TipoRetorno  ->  TVOID .   (rule 8)

    $default	reduce using rule 8 (TipoRetorno)



state 6

    Programa  ->  ListaFuncoes . BlocoPrincipal   (rule 1)
    ListaFuncoes  ->  ListaFuncoes . Funcao   (rule 3)

    TACHA	shift, and go to state 1
    TINT	shift, and go to state 2
    TFLOAT	shift, and go to state 3
    TSTRING	shift, and go to state 4
    TVOID	shift, and go to state 5

    Funcao	go to state 30
    TipoRetorno	go to state 8
    BlocoPrincipal	go to state 31
    Tipo	go to state 10



state 7

    ListaFuncoes  ->  Funcao .   (rule 4)

    $default	reduce using rule 4 (ListaFuncoes)



state 8

    Funcao  ->  TipoRetorno . TID TAPAR DeclParametros BlocoPrincipal TFPAR BlocoPrincipal   (rule 5)
    Funcao  ->  TipoRetorno . TID TAPAR TFPAR BlocoPrincipal   (rule 6)

    TID 	shift, and go to state 32



state 9

    Programa  ->  BlocoPrincipal .   (rule 2)

    $default	reduce using rule 2 (Programa)



state 10

    TipoRetorno  ->  Tipo .   (rule 7)

    $default	reduce using rule 7 (TipoRetorno)



state 11

    CmdSe  ->  TIF . TAPAR ExpressaoLogica TFPAR Bloco   (rule 34)
    CmdSe  ->  TIF . TAPAR ExpressaoLogica TFPAR Bloco TELSE Bloco   (rule 35)

    TAPAR	shift, and go to state 33



state 12

    CmdEnquanto  ->  TWHILE . TAPAR ExpressaoLogica TFPAR Bloco   (rule 36)

    TAPAR	shift, and go to state 34



state 13

    CmdAtrib  ->  TID . TATB ExpressaoAritimetica TPV   (rule 37)
    CmdAtrib  ->  TID . TATB TLITERAL   (rule 38)
    ChamadaFuncao  ->  TID . TAPAR ListaParametros TFPAR   (rule 44)
    ChamadaFuncao  ->  TID . TAPAR TFPAR   (rule 45)

    TATB	shift, and go to state 35
    TAPAR	shift, and go to state 36



state 14

    Retorno  ->  TRET . ExpressaoAritimetica TPV   (rule 32)
    Retorno  ->  TRET . TLITERAL TPV   (rule 33)

    TSUB	shift, and go to state 37
    TAPAR	shift, and go to state 38
    TINT	shift, and go to state 39
    TFLOAT	shift, and go to state 40
    TID 	shift, and go to state 41
    TLITERAL	shift, and go to state 42

    ExpressaoAritimetica	go to state 43
    TExpressaoAritimetica	go to state 44
    FExpressaoAritmetica	go to state 45



state 15

    CmdEscrita  ->  TPRINT . TAPAR ExpressaoAritimetica TFPAR TPV   (rule 39)
    CmdEscrita  ->  TPRINT . TAPAR TLITERAL TFPAR TPV   (rule 40)

    TAPAR	shift, and go to state 46



state 16

    CmdLeitura  ->  TREAD . TAPAR TID TFPAR TPV   (rule 41)
    CmdLeitura  ->  TREAD . TAPAR TEND TID TFPAR TPV   (rule 42)

    TAPAR	shift, and go to state 47



state 17

    BlocoPrincipal  ->  TACHA Declaracoes . ListaCmd TFCHA   (rule 12)
    Declaracoes  ->  Declaracoes . Declaracao   (rule 14)

    TIF 	shift, and go to state 11
    TWHILE	shift, and go to state 12
    TINT	shift, and go to state 2
    TFLOAT	shift, and go to state 3
    TSTRING	shift, and go to state 4
    TID 	shift, and go to state 13
    TRET	shift, and go to state 14
    TPRINT	shift, and go to state 15
    TREAD	shift, and go to state 16

    Declaracao	go to state 48
    Tipo	go to state 19
    ListaCmd	go to state 49
    Comando	go to state 21
    Retorno	go to state 22
    CmdSe	go to state 23
    CmdEnquanto	go to state 24
    CmdAtrib	go to state 25
    CmdEscrita	go to state 26
    CmdLeitura	go to state 27
    ChamadaProc	go to state 28
    ChamadaFuncao	go to state 29



state 18

    Declaracoes  ->  Declaracao .   (rule 15)

    $default	reduce using rule 15 (Declaracoes)



state 19

    Declaracao  ->  Tipo . ListaId TPV   (rule 16)

    TID 	shift, and go to state 50

    ListaId	go to state 51



state 20

    BlocoPrincipal  ->  TACHA ListaCmd . TFCHA   (rule 13)
    ListaCmd  ->  ListaCmd . Comando   (rule 23)

    TIF 	shift, and go to state 11
    TWHILE	shift, and go to state 12
    TFCHA	shift, and go to state 52
    TID 	shift, and go to state 13
    TRET	shift, and go to state 14
    TPRINT	shift, and go to state 15
    TREAD	shift, and go to state 16

    Comando	go to state 53
    Retorno	go to state 22
    CmdSe	go to state 23
    CmdEnquanto	go to state 24
    CmdAtrib	go to state 25
    CmdEscrita	go to state 26
    CmdLeitura	go to state 27
    ChamadaProc	go to state 28
    ChamadaFuncao	go to state 29



state 21

    ListaCmd  ->  Comando .   (rule 24)

    $default	reduce using rule 24 (ListaCmd)



state 22

    Comando  ->  Retorno .   (rule 31)

    $default	reduce using rule 31 (Comando)



state 23

    Comando  ->  CmdSe .   (rule 25)

    $default	reduce using rule 25 (Comando)



state 24

    Comando  ->  CmdEnquanto .   (rule 26)

    $default	reduce using rule 26 (Comando)



state 25

    Comando  ->  CmdAtrib .   (rule 27)

    $default	reduce using rule 27 (Comando)



state 26

    Comando  ->  CmdEscrita .   (rule 28)

    $default	reduce using rule 28 (Comando)



state 27

    Comando  ->  CmdLeitura .   (rule 29)

    $default	reduce using rule 29 (Comando)



state 28

    Comando  ->  ChamadaProc .   (rule 30)

    $default	reduce using rule 30 (Comando)



state 29

    ChamadaProc  ->  ChamadaFuncao . TPV   (rule 43)

    TPV 	shift, and go to state 54



state 30

    ListaFuncoes  ->  ListaFuncoes Funcao .   (rule 3)

    $default	reduce using rule 3 (ListaFuncoes)



state 31

    Programa  ->  ListaFuncoes BlocoPrincipal .   (rule 1)

    $default	reduce using rule 1 (Programa)



state 32

    Funcao  ->  TipoRetorno TID . TAPAR DeclParametros BlocoPrincipal TFPAR BlocoPrincipal   (rule 5)
    Funcao  ->  TipoRetorno TID . TAPAR TFPAR BlocoPrincipal   (rule 6)

    TAPAR	shift, and go to state 55



state 33

    CmdSe  ->  TIF TAPAR . ExpressaoLogica TFPAR Bloco   (rule 34)
    CmdSe  ->  TIF TAPAR . ExpressaoLogica TFPAR Bloco TELSE Bloco   (rule 35)

    TSUB	shift, and go to state 37
    TNEG	shift, and go to state 56
    TAPAR	shift, and go to state 57
    TINT	shift, and go to state 39
    TFLOAT	shift, and go to state 40
    TID 	shift, and go to state 41
    TRUE	shift, and go to state 58
    FALSE	shift, and go to state 59

    ExpressaoAritimetica	go to state 60
    TExpressaoAritimetica	go to state 44
    FExpressaoAritmetica	go to state 45
    ExpressaoLogica	go to state 61
    FExpressaoLogica	go to state 62
    ExpressaoRelacional	go to state 63



state 34

    CmdEnquanto  ->  TWHILE TAPAR . ExpressaoLogica TFPAR Bloco   (rule 36)

    TSUB	shift, and go to state 37
    TNEG	shift, and go to state 56
    TAPAR	shift, and go to state 57
    TINT	shift, and go to state 39
    TFLOAT	shift, and go to state 40
    TID 	shift, and go to state 41
    TRUE	shift, and go to state 58
    FALSE	shift, and go to state 59

    ExpressaoAritimetica	go to state 60
    TExpressaoAritimetica	go to state 44
    FExpressaoAritmetica	go to state 45
    ExpressaoLogica	go to state 64
    FExpressaoLogica	go to state 62
    ExpressaoRelacional	go to state 63



state 35

    CmdAtrib  ->  TID TATB . ExpressaoAritimetica TPV   (rule 37)
    CmdAtrib  ->  TID TATB . TLITERAL   (rule 38)

    TSUB	shift, and go to state 37
    TAPAR	shift, and go to state 38
    TINT	shift, and go to state 39
    TFLOAT	shift, and go to state 40
    TID 	shift, and go to state 41
    TLITERAL	shift, and go to state 65

    ExpressaoAritimetica	go to state 66
    TExpressaoAritimetica	go to state 44
    FExpressaoAritmetica	go to state 45



state 36

    ChamadaFuncao  ->  TID TAPAR . ListaParametros TFPAR   (rule 44)
    ChamadaFuncao  ->  TID TAPAR . TFPAR   (rule 45)

    TSUB	shift, and go to state 37
    TAPAR	shift, and go to state 38
    TFPAR	shift, and go to state 67
    TINT	shift, and go to state 39
    TFLOAT	shift, and go to state 40
    TID 	shift, and go to state 41
    TLITERAL	shift, and go to state 68

    ListaParametros	go to state 69
    ExpressaoAritimetica	go to state 70
    TExpressaoAritimetica	go to state 44
    FExpressaoAritmetica	go to state 45



state 37

    ExpressaoAritimetica  ->  TSUB . FExpressaoAritmetica   (rule 53)

    TAPAR	shift, and go to state 38
    TINT	shift, and go to state 39
    TFLOAT	shift, and go to state 40
    TID 	shift, and go to state 41

    FExpressaoAritmetica	go to state 71



state 38

    FExpressaoAritmetica  ->  TAPAR . ExpressaoAritimetica TFPAR   (rule 57)

    TSUB	shift, and go to state 37
    TAPAR	shift, and go to state 38
    TINT	shift, and go to state 39
    TFLOAT	shift, and go to state 40
    TID 	shift, and go to state 41

    ExpressaoAritimetica	go to state 72
    TExpressaoAritimetica	go to state 44
    FExpressaoAritmetica	go to state 45



state 39

    FExpressaoAritmetica  ->  TINT .   (rule 59)

    $default	reduce using rule 59 (FExpressaoAritmetica)



state 40

    FExpressaoAritmetica  ->  TFLOAT .   (rule 58)

    $default	reduce using rule 58 (FExpressaoAritmetica)



state 41

    FExpressaoAritmetica  ->  TID .   (rule 60)

    $default	reduce using rule 60 (FExpressaoAritmetica)



state 42

    Retorno  ->  TRET TLITERAL . TPV   (rule 33)

    TPV 	shift, and go to state 73



state 43

    Retorno  ->  TRET ExpressaoAritimetica . TPV   (rule 32)
    ExpressaoAritimetica  ->  ExpressaoAritimetica . TADD TExpressaoAritimetica   (rule 50)
    ExpressaoAritimetica  ->  ExpressaoAritimetica . TSUB TExpressaoAritimetica   (rule 51)

    TADD	shift, and go to state 74
    TSUB	shift, and go to state 75
    TPV 	shift, and go to state 76



state 44

    ExpressaoAritimetica  ->  TExpressaoAritimetica .   (rule 52)
    TExpressaoAritimetica  ->  TExpressaoAritimetica . TMUL FExpressaoAritmetica   (rule 54)
    TExpressaoAritimetica  ->  TExpressaoAritimetica . TDIV FExpressaoAritmetica   (rule 55)

    TMUL	shift, and go to state 77
    TDIV	shift, and go to state 78

    $default	reduce using rule 52 (ExpressaoAritimetica)



state 45

    TExpressaoAritimetica  ->  FExpressaoAritmetica .   (rule 56)

    $default	reduce using rule 56 (TExpressaoAritimetica)



state 46

    CmdEscrita  ->  TPRINT TAPAR . ExpressaoAritimetica TFPAR TPV   (rule 39)
    CmdEscrita  ->  TPRINT TAPAR . TLITERAL TFPAR TPV   (rule 40)

    TSUB	shift, and go to state 37
    TAPAR	shift, and go to state 38
    TINT	shift, and go to state 39
    TFLOAT	shift, and go to state 40
    TID 	shift, and go to state 41
    TLITERAL	shift, and go to state 79

    ExpressaoAritimetica	go to state 80
    TExpressaoAritimetica	go to state 44
    FExpressaoAritmetica	go to state 45



state 47

    CmdLeitura  ->  TREAD TAPAR . TID TFPAR TPV   (rule 41)
    CmdLeitura  ->  TREAD TAPAR . TEND TID TFPAR TPV   (rule 42)

    TID 	shift, and go to state 81
    TEND	shift, and go to state 82



state 48

    Declaracoes  ->  Declaracoes Declaracao .   (rule 14)

    $default	reduce using rule 14 (Declaracoes)



state 49

    BlocoPrincipal  ->  TACHA Declaracoes ListaCmd . TFCHA   (rule 12)
    ListaCmd  ->  ListaCmd . Comando   (rule 23)

    TIF 	shift, and go to state 11
    TWHILE	shift, and go to state 12
    TFCHA	shift, and go to state 83
    TID 	shift, and go to state 13
    TRET	shift, and go to state 14
    TPRINT	shift, and go to state 15
    TREAD	shift, and go to state 16

    Comando	go to state 53
    Retorno	go to state 22
    CmdSe	go to state 23
    CmdEnquanto	go to state 24
    CmdAtrib	go to state 25
    CmdEscrita	go to state 26
    CmdLeitura	go to state 27
    ChamadaProc	go to state 28
    ChamadaFuncao	go to state 29



state 50

    ListaId  ->  TID .   (rule 21)

    $default	reduce using rule 21 (ListaId)



state 51

    Declaracao  ->  Tipo ListaId . TPV   (rule 16)
    ListaId  ->  ListaId . TV TID   (rule 20)

    TPV 	shift, and go to state 84
    TV  	shift, and go to state 85



state 52

    BlocoPrincipal  ->  TACHA ListaCmd TFCHA .   (rule 13)

    $default	reduce using rule 13 (BlocoPrincipal)



state 53

    ListaCmd  ->  ListaCmd Comando .   (rule 23)

    $default	reduce using rule 23 (ListaCmd)



state 54

    ChamadaProc  ->  ChamadaFuncao TPV .   (rule 43)

    $default	reduce using rule 43 (ChamadaProc)



state 55

    Funcao  ->  TipoRetorno TID TAPAR . DeclParametros BlocoPrincipal TFPAR BlocoPrincipal   (rule 5)
    Funcao  ->  TipoRetorno TID TAPAR . TFPAR BlocoPrincipal   (rule 6)

    TFPAR	shift, and go to state 86
    TINT	shift, and go to state 2
    TFLOAT	shift, and go to state 3
    TSTRING	shift, and go to state 4

    DeclParametros	go to state 87
    Parametro	go to state 88
    Tipo	go to state 89



state 56

    FExpressaoLogica  ->  TNEG . FExpressaoLogica   (rule 64)

    TSUB	shift, and go to state 37
    TNEG	shift, and go to state 56
    TAPAR	shift, and go to state 57
    TINT	shift, and go to state 39
    TFLOAT	shift, and go to state 40
    TID 	shift, and go to state 41
    TRUE	shift, and go to state 58
    FALSE	shift, and go to state 59

    ExpressaoAritimetica	go to state 60
    TExpressaoAritimetica	go to state 44
    FExpressaoAritmetica	go to state 45
    FExpressaoLogica	go to state 90
    ExpressaoRelacional	go to state 63



state 57

    FExpressaoAritmetica  ->  TAPAR . ExpressaoAritimetica TFPAR   (rule 57)
    FExpressaoLogica  ->  TAPAR . FExpressaoLogica TFPAR   (rule 65)

    TSUB	shift, and go to state 37
    TNEG	shift, and go to state 56
    TAPAR	shift, and go to state 57
    TINT	shift, and go to state 39
    TFLOAT	shift, and go to state 40
    TID 	shift, and go to state 41
    TRUE	shift, and go to state 58
    FALSE	shift, and go to state 59

    ExpressaoAritimetica	go to state 91
    TExpressaoAritimetica	go to state 44
    FExpressaoAritmetica	go to state 45
    FExpressaoLogica	go to state 92
    ExpressaoRelacional	go to state 63



state 58

    FExpressaoLogica  ->  TRUE .   (rule 66)

    $default	reduce using rule 66 (FExpressaoLogica)



state 59

    FExpressaoLogica  ->  FALSE .   (rule 67)

    $default	reduce using rule 67 (FExpressaoLogica)



state 60

    ExpressaoAritimetica  ->  ExpressaoAritimetica . TADD TExpressaoAritimetica   (rule 50)
    ExpressaoAritimetica  ->  ExpressaoAritimetica . TSUB TExpressaoAritimetica   (rule 51)
    ExpressaoRelacional  ->  ExpressaoAritimetica . TMAIOR ExpressaoAritimetica   (rule 69)
    ExpressaoRelacional  ->  ExpressaoAritimetica . TMAIORIG ExpressaoAritimetica   (rule 70)
    ExpressaoRelacional  ->  ExpressaoAritimetica . TMENOR ExpressaoAritimetica   (rule 71)
    ExpressaoRelacional  ->  ExpressaoAritimetica . TMENORIG ExpressaoAritimetica   (rule 72)
    ExpressaoRelacional  ->  ExpressaoAritimetica . TCOM ExpressaoAritimetica   (rule 73)
    ExpressaoRelacional  ->  ExpressaoAritimetica . TDIF ExpressaoAritimetica   (rule 74)

    TADD	shift, and go to state 74
    TSUB	shift, and go to state 75
    TMENOR	shift, and go to state 93
    TMAIOR	shift, and go to state 94
    TMENORIG	shift, and go to state 95
    TMAIORIG	shift, and go to state 96
    TCOM	shift, and go to state 97
    TDIF	shift, and go to state 98



state 61

    CmdSe  ->  TIF TAPAR ExpressaoLogica . TFPAR Bloco   (rule 34)
    CmdSe  ->  TIF TAPAR ExpressaoLogica . TFPAR Bloco TELSE Bloco   (rule 35)
    ExpressaoLogica  ->  ExpressaoLogica . TCEE FExpressaoLogica   (rule 61)
    ExpressaoLogica  ->  ExpressaoLogica . TCOU FExpressaoLogica   (rule 62)

    TCEE	shift, and go to state 99
    TCOU	shift, and go to state 100
    TFPAR	shift, and go to state 101



state 62

    ExpressaoLogica  ->  FExpressaoLogica .   (rule 63)

    $default	reduce using rule 63 (ExpressaoLogica)



state 63

    FExpressaoLogica  ->  ExpressaoRelacional .   (rule 68)

    $default	reduce using rule 68 (FExpressaoLogica)



state 64

    CmdEnquanto  ->  TWHILE TAPAR ExpressaoLogica . TFPAR Bloco   (rule 36)
    ExpressaoLogica  ->  ExpressaoLogica . TCEE FExpressaoLogica   (rule 61)
    ExpressaoLogica  ->  ExpressaoLogica . TCOU FExpressaoLogica   (rule 62)

    TCEE	shift, and go to state 99
    TCOU	shift, and go to state 100
    TFPAR	shift, and go to state 102



state 65

    CmdAtrib  ->  TID TATB TLITERAL .   (rule 38)

    $default	reduce using rule 38 (CmdAtrib)



state 66

    CmdAtrib  ->  TID TATB ExpressaoAritimetica . TPV   (rule 37)
    ExpressaoAritimetica  ->  ExpressaoAritimetica . TADD TExpressaoAritimetica   (rule 50)
    ExpressaoAritimetica  ->  ExpressaoAritimetica . TSUB TExpressaoAritimetica   (rule 51)

    TADD	shift, and go to state 74
    TSUB	shift, and go to state 75
    TPV 	shift, and go to state 103



state 67

    ChamadaFuncao  ->  TID TAPAR TFPAR .   (rule 45)

    $default	reduce using rule 45 (ChamadaFuncao)



state 68

    ListaParametros  ->  TLITERAL .   (rule 49)

    $default	reduce using rule 49 (ListaParametros)



state 69

    ChamadaFuncao  ->  TID TAPAR ListaParametros . TFPAR   (rule 44)
    ListaParametros  ->  ListaParametros . TV ExpressaoAritimetica   (rule 46)
    ListaParametros  ->  ListaParametros . TV TLITERAL   (rule 47)

    TFPAR	shift, and go to state 104
    TV  	shift, and go to state 105



state 70

    ListaParametros  ->  ExpressaoAritimetica .   (rule 48)
    ExpressaoAritimetica  ->  ExpressaoAritimetica . TADD TExpressaoAritimetica   (rule 50)
    ExpressaoAritimetica  ->  ExpressaoAritimetica . TSUB TExpressaoAritimetica   (rule 51)

    TADD	shift, and go to state 74
    TSUB	shift, and go to state 75

    $default	reduce using rule 48 (ListaParametros)



state 71

    ExpressaoAritimetica  ->  TSUB FExpressaoAritmetica .   (rule 53)

    $default	reduce using rule 53 (ExpressaoAritimetica)



state 72

    ExpressaoAritimetica  ->  ExpressaoAritimetica . TADD TExpressaoAritimetica   (rule 50)
    ExpressaoAritimetica  ->  ExpressaoAritimetica . TSUB TExpressaoAritimetica   (rule 51)
    FExpressaoAritmetica  ->  TAPAR ExpressaoAritimetica . TFPAR   (rule 57)

    TADD	shift, and go to state 74
    TSUB	shift, and go to state 75
    TFPAR	shift, and go to state 106



state 73

    Retorno  ->  TRET TLITERAL TPV .   (rule 33)

    $default	reduce using rule 33 (Retorno)



state 74

    ExpressaoAritimetica  ->  ExpressaoAritimetica TADD . TExpressaoAritimetica   (rule 50)

    TAPAR	shift, and go to state 38
    TINT	shift, and go to state 39
    TFLOAT	shift, and go to state 40
    TID 	shift, and go to state 41

    TExpressaoAritimetica	go to state 107
    FExpressaoAritmetica	go to state 45



state 75

    ExpressaoAritimetica  ->  ExpressaoAritimetica TSUB . TExpressaoAritimetica   (rule 51)

    TAPAR	shift, and go to state 38
    TINT	shift, and go to state 39
    TFLOAT	shift, and go to state 40
    TID 	shift, and go to state 41

    TExpressaoAritimetica	go to state 108
    FExpressaoAritmetica	go to state 45



state 76

    Retorno  ->  TRET ExpressaoAritimetica TPV .   (rule 32)

    $default	reduce using rule 32 (Retorno)



state 77

    TExpressaoAritimetica  ->  TExpressaoAritimetica TMUL . FExpressaoAritmetica   (rule 54)

    TAPAR	shift, and go to state 38
    TINT	shift, and go to state 39
    TFLOAT	shift, and go to state 40
    TID 	shift, and go to state 41

    FExpressaoAritmetica	go to state 109



state 78

    TExpressaoAritimetica  ->  TExpressaoAritimetica TDIV . FExpressaoAritmetica   (rule 55)

    TAPAR	shift, and go to state 38
    TINT	shift, and go to state 39
    TFLOAT	shift, and go to state 40
    TID 	shift, and go to state 41

    FExpressaoAritmetica	go to state 110



state 79

    CmdEscrita  ->  TPRINT TAPAR TLITERAL . TFPAR TPV   (rule 40)

    TFPAR	shift, and go to state 111



state 80

    CmdEscrita  ->  TPRINT TAPAR ExpressaoAritimetica . TFPAR TPV   (rule 39)
    ExpressaoAritimetica  ->  ExpressaoAritimetica . TADD TExpressaoAritimetica   (rule 50)
    ExpressaoAritimetica  ->  ExpressaoAritimetica . TSUB TExpressaoAritimetica   (rule 51)

    TADD	shift, and go to state 74
    TSUB	shift, and go to state 75
    TFPAR	shift, and go to state 112



state 81

    CmdLeitura  ->  TREAD TAPAR TID . TFPAR TPV   (rule 41)

    TFPAR	shift, and go to state 113



state 82

    CmdLeitura  ->  TREAD TAPAR TEND . TID TFPAR TPV   (rule 42)

    TID 	shift, and go to state 114



state 83

    BlocoPrincipal  ->  TACHA Declaracoes ListaCmd TFCHA .   (rule 12)

    $default	reduce using rule 12 (BlocoPrincipal)



state 84

    Declaracao  ->  Tipo ListaId TPV .   (rule 16)

    $default	reduce using rule 16 (Declaracao)



state 85

    ListaId  ->  ListaId TV . TID   (rule 20)

    TID 	shift, and go to state 115



state 86

    Funcao  ->  TipoRetorno TID TAPAR TFPAR . BlocoPrincipal   (rule 6)

    TACHA	shift, and go to state 1

    BlocoPrincipal	go to state 116



state 87

    Funcao  ->  TipoRetorno TID TAPAR DeclParametros . BlocoPrincipal TFPAR BlocoPrincipal   (rule 5)
    DeclParametros  ->  DeclParametros . TV Parametro   (rule 9)

    TACHA	shift, and go to state 1
    TV  	shift, and go to state 117

    BlocoPrincipal	go to state 118



state 88

    DeclParametros  ->  Parametro .   (rule 10)

    $default	reduce using rule 10 (DeclParametros)



state 89

    Parametro  ->  Tipo . TID   (rule 11)

    TID 	shift, and go to state 119



state 90

    FExpressaoLogica  ->  TNEG FExpressaoLogica .   (rule 64)

    $default	reduce using rule 64 (FExpressaoLogica)



state 91

    ExpressaoAritimetica  ->  ExpressaoAritimetica . TADD TExpressaoAritimetica   (rule 50)
    ExpressaoAritimetica  ->  ExpressaoAritimetica . TSUB TExpressaoAritimetica   (rule 51)
    FExpressaoAritmetica  ->  TAPAR ExpressaoAritimetica . TFPAR   (rule 57)
    ExpressaoRelacional  ->  ExpressaoAritimetica . TMAIOR ExpressaoAritimetica   (rule 69)
    ExpressaoRelacional  ->  ExpressaoAritimetica . TMAIORIG ExpressaoAritimetica   (rule 70)
    ExpressaoRelacional  ->  ExpressaoAritimetica . TMENOR ExpressaoAritimetica   (rule 71)
    ExpressaoRelacional  ->  ExpressaoAritimetica . TMENORIG ExpressaoAritimetica   (rule 72)
    ExpressaoRelacional  ->  ExpressaoAritimetica . TCOM ExpressaoAritimetica   (rule 73)
    ExpressaoRelacional  ->  ExpressaoAritimetica . TDIF ExpressaoAritimetica   (rule 74)

    TADD	shift, and go to state 74
    TSUB	shift, and go to state 75
    TMENOR	shift, and go to state 93
    TMAIOR	shift, and go to state 94
    TMENORIG	shift, and go to state 95
    TMAIORIG	shift, and go to state 96
    TCOM	shift, and go to state 97
    TDIF	shift, and go to state 98
    TFPAR	shift, and go to state 106



state 92

    FExpressaoLogica  ->  TAPAR FExpressaoLogica . TFPAR   (rule 65)

    TFPAR	shift, and go to state 120



state 93

    ExpressaoRelacional  ->  ExpressaoAritimetica TMENOR . ExpressaoAritimetica   (rule 71)

    TSUB	shift, and go to state 37
    TAPAR	shift, and go to state 38
    TINT	shift, and go to state 39
    TFLOAT	shift, and go to state 40
    TID 	shift, and go to state 41

    ExpressaoAritimetica	go to state 121
    TExpressaoAritimetica	go to state 44
    FExpressaoAritmetica	go to state 45



state 94

    ExpressaoRelacional  ->  ExpressaoAritimetica TMAIOR . ExpressaoAritimetica   (rule 69)

    TSUB	shift, and go to state 37
    TAPAR	shift, and go to state 38
    TINT	shift, and go to state 39
    TFLOAT	shift, and go to state 40
    TID 	shift, and go to state 41

    ExpressaoAritimetica	go to state 122
    TExpressaoAritimetica	go to state 44
    FExpressaoAritmetica	go to state 45



state 95

    ExpressaoRelacional  ->  ExpressaoAritimetica TMENORIG . ExpressaoAritimetica   (rule 72)

    TSUB	shift, and go to state 37
    TAPAR	shift, and go to state 38
    TINT	shift, and go to state 39
    TFLOAT	shift, and go to state 40
    TID 	shift, and go to state 41

    ExpressaoAritimetica	go to state 123
    TExpressaoAritimetica	go to state 44
    FExpressaoAritmetica	go to state 45



state 96

    ExpressaoRelacional  ->  ExpressaoAritimetica TMAIORIG . ExpressaoAritimetica   (rule 70)

    TSUB	shift, and go to state 37
    TAPAR	shift, and go to state 38
    TINT	shift, and go to state 39
    TFLOAT	shift, and go to state 40
    TID 	shift, and go to state 41

    ExpressaoAritimetica	go to state 124
    TExpressaoAritimetica	go to state 44
    FExpressaoAritmetica	go to state 45



state 97

    ExpressaoRelacional  ->  ExpressaoAritimetica TCOM . ExpressaoAritimetica   (rule 73)

    TSUB	shift, and go to state 37
    TAPAR	shift, and go to state 38
    TINT	shift, and go to state 39
    TFLOAT	shift, and go to state 40
    TID 	shift, and go to state 41

    ExpressaoAritimetica	go to state 125
    TExpressaoAritimetica	go to state 44
    FExpressaoAritmetica	go to state 45



state 98

    ExpressaoRelacional  ->  ExpressaoAritimetica TDIF . ExpressaoAritimetica   (rule 74)

    TSUB	shift, and go to state 37
    TAPAR	shift, and go to state 38
    TINT	shift, and go to state 39
    TFLOAT	shift, and go to state 40
    TID 	shift, and go to state 41

    ExpressaoAritimetica	go to state 126
    TExpressaoAritimetica	go to state 44
    FExpressaoAritmetica	go to state 45



state 99

    ExpressaoLogica  ->  ExpressaoLogica TCEE . FExpressaoLogica   (rule 61)

    TSUB	shift, and go to state 37
    TNEG	shift, and go to state 56
    TAPAR	shift, and go to state 57
    TINT	shift, and go to state 39
    TFLOAT	shift, and go to state 40
    TID 	shift, and go to state 41
    TRUE	shift, and go to state 58
    FALSE	shift, and go to state 59

    ExpressaoAritimetica	go to state 60
    TExpressaoAritimetica	go to state 44
    FExpressaoAritmetica	go to state 45
    FExpressaoLogica	go to state 127
    ExpressaoRelacional	go to state 63



state 100

    ExpressaoLogica  ->  ExpressaoLogica TCOU . FExpressaoLogica   (rule 62)

    TSUB	shift, and go to state 37
    TNEG	shift, and go to state 56
    TAPAR	shift, and go to state 57
    TINT	shift, and go to state 39
    TFLOAT	shift, and go to state 40
    TID 	shift, and go to state 41
    TRUE	shift, and go to state 58
    FALSE	shift, and go to state 59

    ExpressaoAritimetica	go to state 60
    TExpressaoAritimetica	go to state 44
    FExpressaoAritmetica	go to state 45
    FExpressaoLogica	go to state 128
    ExpressaoRelacional	go to state 63



state 101

    CmdSe  ->  TIF TAPAR ExpressaoLogica TFPAR . Bloco   (rule 34)
    CmdSe  ->  TIF TAPAR ExpressaoLogica TFPAR . Bloco TELSE Bloco   (rule 35)

    TACHA	shift, and go to state 129

    Bloco	go to state 130



state 102

    CmdEnquanto  ->  TWHILE TAPAR ExpressaoLogica TFPAR . Bloco   (rule 36)

    TACHA	shift, and go to state 129

    Bloco	go to state 131



state 103

    CmdAtrib  ->  TID TATB ExpressaoAritimetica TPV .   (rule 37)

    $default	reduce using rule 37 (CmdAtrib)



state 104

    ChamadaFuncao  ->  TID TAPAR ListaParametros TFPAR .   (rule 44)

    $default	reduce using rule 44 (ChamadaFuncao)



state 105

    ListaParametros  ->  ListaParametros TV . ExpressaoAritimetica   (rule 46)
    ListaParametros  ->  ListaParametros TV . TLITERAL   (rule 47)

    TSUB	shift, and go to state 37
    TAPAR	shift, and go to state 38
    TINT	shift, and go to state 39
    TFLOAT	shift, and go to state 40
    TID 	shift, and go to state 41
    TLITERAL	shift, and go to state 132

    ExpressaoAritimetica	go to state 133
    TExpressaoAritimetica	go to state 44
    FExpressaoAritmetica	go to state 45



state 106

    FExpressaoAritmetica  ->  TAPAR ExpressaoAritimetica TFPAR .   (rule 57)

    $default	reduce using rule 57 (FExpressaoAritmetica)



state 107

    ExpressaoAritimetica  ->  ExpressaoAritimetica TADD TExpressaoAritimetica .   (rule 50)
    TExpressaoAritimetica  ->  TExpressaoAritimetica . TMUL FExpressaoAritmetica   (rule 54)
    TExpressaoAritimetica  ->  TExpressaoAritimetica . TDIV FExpressaoAritmetica   (rule 55)

    TMUL	shift, and go to state 77
    TDIV	shift, and go to state 78

    $default	reduce using rule 50 (ExpressaoAritimetica)



state 108

    ExpressaoAritimetica  ->  ExpressaoAritimetica TSUB TExpressaoAritimetica .   (rule 51)
    TExpressaoAritimetica  ->  TExpressaoAritimetica . TMUL FExpressaoAritmetica   (rule 54)
    TExpressaoAritimetica  ->  TExpressaoAritimetica . TDIV FExpressaoAritmetica   (rule 55)

    TMUL	shift, and go to state 77
    TDIV	shift, and go to state 78

    $default	reduce using rule 51 (ExpressaoAritimetica)



state 109

    TExpressaoAritimetica  ->  TExpressaoAritimetica TMUL FExpressaoAritmetica .   (rule 54)

    $default	reduce using rule 54 (TExpressaoAritimetica)



state 110

    TExpressaoAritimetica  ->  TExpressaoAritimetica TDIV FExpressaoAritmetica .   (rule 55)

    $default	reduce using rule 55 (TExpressaoAritimetica)



state 111

    CmdEscrita  ->  TPRINT TAPAR TLITERAL TFPAR . TPV   (rule 40)

    TPV 	shift, and go to state 134



state 112

    CmdEscrita  ->  TPRINT TAPAR ExpressaoAritimetica TFPAR . TPV   (rule 39)

    TPV 	shift, and go to state 135



state 113

    CmdLeitura  ->  TREAD TAPAR TID TFPAR . TPV   (rule 41)

    TPV 	shift, and go to state 136



state 114

    CmdLeitura  ->  TREAD TAPAR TEND TID . TFPAR TPV   (rule 42)

    TFPAR	shift, and go to state 137



state 115

    ListaId  ->  ListaId TV TID .   (rule 20)

    $default	reduce using rule 20 (ListaId)



state 116

    Funcao  ->  TipoRetorno TID TAPAR TFPAR BlocoPrincipal .   (rule 6)

    $default	reduce using rule 6 (Funcao)



state 117

    DeclParametros  ->  DeclParametros TV . Parametro   (rule 9)

    TINT	shift, and go to state 2
    TFLOAT	shift, and go to state 3
    TSTRING	shift, and go to state 4

    Parametro	go to state 138
    Tipo	go to state 89



state 118

    Funcao  ->  TipoRetorno TID TAPAR DeclParametros BlocoPrincipal . TFPAR BlocoPrincipal   (rule 5)

    TFPAR	shift, and go to state 139



state 119

    Parametro  ->  Tipo TID .   (rule 11)

    $default	reduce using rule 11 (Parametro)



state 120

    FExpressaoLogica  ->  TAPAR FExpressaoLogica TFPAR .   (rule 65)

    $default	reduce using rule 65 (FExpressaoLogica)



state 121

    ExpressaoAritimetica  ->  ExpressaoAritimetica . TADD TExpressaoAritimetica   (rule 50)
    ExpressaoAritimetica  ->  ExpressaoAritimetica . TSUB TExpressaoAritimetica   (rule 51)
    ExpressaoRelacional  ->  ExpressaoAritimetica TMENOR ExpressaoAritimetica .   (rule 71)

    TADD	shift, and go to state 74
    TSUB	shift, and go to state 75

    $default	reduce using rule 71 (ExpressaoRelacional)



state 122

    ExpressaoAritimetica  ->  ExpressaoAritimetica . TADD TExpressaoAritimetica   (rule 50)
    ExpressaoAritimetica  ->  ExpressaoAritimetica . TSUB TExpressaoAritimetica   (rule 51)
    ExpressaoRelacional  ->  ExpressaoAritimetica TMAIOR ExpressaoAritimetica .   (rule 69)

    TADD	shift, and go to state 74
    TSUB	shift, and go to state 75

    $default	reduce using rule 69 (ExpressaoRelacional)



state 123

    ExpressaoAritimetica  ->  ExpressaoAritimetica . TADD TExpressaoAritimetica   (rule 50)
    ExpressaoAritimetica  ->  ExpressaoAritimetica . TSUB TExpressaoAritimetica   (rule 51)
    ExpressaoRelacional  ->  ExpressaoAritimetica TMENORIG ExpressaoAritimetica .   (rule 72)

    TADD	shift, and go to state 74
    TSUB	shift, and go to state 75

    $default	reduce using rule 72 (ExpressaoRelacional)



state 124

    ExpressaoAritimetica  ->  ExpressaoAritimetica . TADD TExpressaoAritimetica   (rule 50)
    ExpressaoAritimetica  ->  ExpressaoAritimetica . TSUB TExpressaoAritimetica   (rule 51)
    ExpressaoRelacional  ->  ExpressaoAritimetica TMAIORIG ExpressaoAritimetica .   (rule 70)

    TADD	shift, and go to state 74
    TSUB	shift, and go to state 75

    $default	reduce using rule 70 (ExpressaoRelacional)



state 125

    ExpressaoAritimetica  ->  ExpressaoAritimetica . TADD TExpressaoAritimetica   (rule 50)
    ExpressaoAritimetica  ->  ExpressaoAritimetica . TSUB TExpressaoAritimetica   (rule 51)
    ExpressaoRelacional  ->  ExpressaoAritimetica TCOM ExpressaoAritimetica .   (rule 73)

    TADD	shift, and go to state 74
    TSUB	shift, and go to state 75

    $default	reduce using rule 73 (ExpressaoRelacional)



state 126

    ExpressaoAritimetica  ->  ExpressaoAritimetica . TADD TExpressaoAritimetica   (rule 50)
    ExpressaoAritimetica  ->  ExpressaoAritimetica . TSUB TExpressaoAritimetica   (rule 51)
    ExpressaoRelacional  ->  ExpressaoAritimetica TDIF ExpressaoAritimetica .   (rule 74)

    TADD	shift, and go to state 74
    TSUB	shift, and go to state 75

    $default	reduce using rule 74 (ExpressaoRelacional)



state 127

    ExpressaoLogica  ->  ExpressaoLogica TCEE FExpressaoLogica .   (rule 61)

    $default	reduce using rule 61 (ExpressaoLogica)



state 128

    ExpressaoLogica  ->  ExpressaoLogica TCOU FExpressaoLogica .   (rule 62)

    $default	reduce using rule 62 (ExpressaoLogica)



state 129

    Bloco  ->  TACHA . ListaCmd TFCHA   (rule 22)

    TIF 	shift, and go to state 11
    TWHILE	shift, and go to state 12
    TID 	shift, and go to state 13
    TRET	shift, and go to state 14
    TPRINT	shift, and go to state 15
    TREAD	shift, and go to state 16

    ListaCmd	go to state 140
    Comando	go to state 21
    Retorno	go to state 22
    CmdSe	go to state 23
    CmdEnquanto	go to state 24
    CmdAtrib	go to state 25
    CmdEscrita	go to state 26
    CmdLeitura	go to state 27
    ChamadaProc	go to state 28
    ChamadaFuncao	go to state 29



state 130

    CmdSe  ->  TIF TAPAR ExpressaoLogica TFPAR Bloco .   (rule 34)
    CmdSe  ->  TIF TAPAR ExpressaoLogica TFPAR Bloco . TELSE Bloco   (rule 35)

    TELSE	shift, and go to state 141

    $default	reduce using rule 34 (CmdSe)



state 131

    CmdEnquanto  ->  TWHILE TAPAR ExpressaoLogica TFPAR Bloco .   (rule 36)

    $default	reduce using rule 36 (CmdEnquanto)



state 132

    ListaParametros  ->  ListaParametros TV TLITERAL .   (rule 47)

    $default	reduce using rule 47 (ListaParametros)



state 133

    ListaParametros  ->  ListaParametros TV ExpressaoAritimetica .   (rule 46)
    ExpressaoAritimetica  ->  ExpressaoAritimetica . TADD TExpressaoAritimetica   (rule 50)
    ExpressaoAritimetica  ->  ExpressaoAritimetica . TSUB TExpressaoAritimetica   (rule 51)

    TADD	shift, and go to state 74
    TSUB	shift, and go to state 75

    $default	reduce using rule 46 (ListaParametros)



state 134

    CmdEscrita  ->  TPRINT TAPAR TLITERAL TFPAR TPV .   (rule 40)

    $default	reduce using rule 40 (CmdEscrita)



state 135

    CmdEscrita  ->  TPRINT TAPAR ExpressaoAritimetica TFPAR TPV .   (rule 39)

    $default	reduce using rule 39 (CmdEscrita)



state 136

    CmdLeitura  ->  TREAD TAPAR TID TFPAR TPV .   (rule 41)

    $default	reduce using rule 41 (CmdLeitura)



state 137

    CmdLeitura  ->  TREAD TAPAR TEND TID TFPAR . TPV   (rule 42)

    TPV 	shift, and go to state 142



state 138

    DeclParametros  ->  DeclParametros TV Parametro .   (rule 9)

    $default	reduce using rule 9 (DeclParametros)



state 139

    Funcao  ->  TipoRetorno TID TAPAR DeclParametros BlocoPrincipal TFPAR . BlocoPrincipal   (rule 5)

    TACHA	shift, and go to state 1

    BlocoPrincipal	go to state 143



state 140

    Bloco  ->  TACHA ListaCmd . TFCHA   (rule 22)
    ListaCmd  ->  ListaCmd . Comando   (rule 23)

    TIF 	shift, and go to state 11
    TWHILE	shift, and go to state 12
    TFCHA	shift, and go to state 144
    TID 	shift, and go to state 13
    TRET	shift, and go to state 14
    TPRINT	shift, and go to state 15
    TREAD	shift, and go to state 16

    Comando	go to state 53
    Retorno	go to state 22
    CmdSe	go to state 23
    CmdEnquanto	go to state 24
    CmdAtrib	go to state 25
    CmdEscrita	go to state 26
    CmdLeitura	go to state 27
    ChamadaProc	go to state 28
    ChamadaFuncao	go to state 29



state 141

    CmdSe  ->  TIF TAPAR ExpressaoLogica TFPAR Bloco TELSE . Bloco   (rule 35)

    TACHA	shift, and go to state 129

    Bloco	go to state 145



state 142

    CmdLeitura  ->  TREAD TAPAR TEND TID TFPAR TPV .   (rule 42)

    $default	reduce using rule 42 (CmdLeitura)



state 143

    Funcao  ->  TipoRetorno TID TAPAR DeclParametros BlocoPrincipal TFPAR BlocoPrincipal .   (rule 5)

    $default	reduce using rule 5 (Funcao)



state 144

    Bloco  ->  TACHA ListaCmd TFCHA .   (rule 22)

    $default	reduce using rule 22 (Bloco)



state 145

    CmdSe  ->  TIF TAPAR ExpressaoLogica TFPAR Bloco TELSE Bloco .   (rule 35)

    $default	reduce using rule 35 (CmdSe)



state 146

    $   	go to state 147



state 147

    $   	go to state 148



state 148

    $default	accept
